/usr/local/lib/python2.7/dist-packages/psycopg2/__init__.py:144: UserWarning: The psycopg2 wheel package will be renamed from release 2.8; in order to keep installing from binary please use "pip install psycopg2-binary" instead. For details see: <http://initd.org/psycopg/docs/install.html#binary-install-from-pypi>.
  """)
running on 35.243.137.184:8111
 * Serving Flask app "server" (lazy loading)
 * Environment: production
   WARNING: Do not use the development server in a production environment.
   Use a production WSGI server instead.
 * Debug mode: off
Traceback (most recent call last):
  File "server.py", line 290, in <module>
    run()
  File "/home/mw3239/.local/lib/python2.7/site-packages/click/core.py", line 764, in __call__
    return self.main(*args, **kwargs)
  File "/home/mw3239/.local/lib/python2.7/site-packages/click/core.py", line 717, in main
    rv = self.invoke(ctx)
  File "/home/mw3239/.local/lib/python2.7/site-packages/click/core.py", line 956, in invoke
    return ctx.invoke(self.callback, **ctx.params)
  File "/home/mw3239/.local/lib/python2.7/site-packages/click/core.py", line 555, in invoke
    return callback(*args, **kwargs)
  File "server.py", line 288, in run
    app.run(host=HOST, port=PORT, debug=debug, threaded=threaded)
  File "/home/mw3239/.local/lib/python2.7/site-packages/flask/app.py", line 943, in run
    run_simple(host, port, self, **options)
  File "/home/mw3239/.local/lib/python2.7/site-packages/werkzeug/serving.py", line 814, in run_simple
    inner()
  File "/home/mw3239/.local/lib/python2.7/site-packages/werkzeug/serving.py", line 774, in inner
    fd=fd)
  File "/home/mw3239/.local/lib/python2.7/site-packages/werkzeug/serving.py", line 666, in make_server
    passthrough_errors, ssl_context, fd=fd)
  File "/home/mw3239/.local/lib/python2.7/site-packages/werkzeug/serving.py", line 577, in __init__
    self.address_family), handler)
  File "/usr/lib/python2.7/SocketServer.py", line 417, in __init__
    self.server_bind()
  File "/usr/lib/python2.7/BaseHTTPServer.py", line 108, in server_bind
    SocketServer.TCPServer.server_bind(self)
  File "/usr/lib/python2.7/SocketServer.py", line 431, in server_bind
    self.socket.bind(self.server_address)
  File "/usr/lib/python2.7/socket.py", line 228, in meth
    return getattr(self._sock,name)(*args)
socket.error: [Errno 99] Cannot assign requested address
